{
  "RSpec": {
    "coverage": {
      "/resource_quotable/lib/resource_quotable.rb": {
        "lines": [
          null,
          null,
          1,
          1,
          1,
          1,
          1,
          1,
          1,
          1,
          null,
          1,
          null,
          1,
          1,
          1,
          1,
          1,
          1,
          1,
          1,
          null,
          1,
          null,
          null,
          null,
          null,
          null,
          1,
          15,
          null,
          null,
          1,
          2,
          null,
          null,
          1,
          1,
          null,
          null,
          1,
          4,
          null,
          null,
          1,
          1,
          null,
          null,
          1,
          3,
          null,
          null,
          1,
          2,
          null,
          null,
          null,
          null,
          1,
          1,
          null,
          null,
          null,
          null,
          1,
          1,
          1,
          null,
          null,
          2,
          2
        ]
      },
      "/resource_quotable/lib/resource_quotable/engine.rb": {
        "lines": [
          null,
          null,
          1,
          1,
          1,
          null,
          1,
          1,
          1,
          1,
          null,
          null,
          null
        ]
      },
      "/resource_quotable/lib/resource_quotable/exeptions.rb": {
        "lines": [
          null,
          null,
          1,
          1,
          1,
          1,
          1,
          1,
          null
        ]
      },
      "/resource_quotable/lib/resource_quotable/helper.rb": {
        "lines": [
          null,
          null,
          1,
          1,
          1,
          0,
          null,
          null,
          1,
          2,
          0,
          null,
          2,
          null,
          null,
          null,
          1,
          2,
          null,
          null,
          1,
          null,
          1,
          4,
          null,
          null,
          null
        ]
      },
      "/resource_quotable/lib/resource_quotable/generators/views_generator.rb": {
        "lines": [
          null,
          null,
          1,
          null,
          1,
          1,
          1,
          1,
          null,
          1,
          null,
          null,
          1,
          1,
          null,
          null,
          null,
          null
        ]
      },
      "/resource_quotable/lib/concerns/models/act_as_quotable.rb": {
        "lines": [
          null,
          null,
          1,
          1,
          1,
          null,
          1,
          1,
          1,
          null,
          null,
          null,
          null,
          null,
          16,
          null,
          null,
          null,
          null
        ]
      },
      "/resource_quotable/lib/concerns/models/act_as_quota_trackable.rb": {
        "lines": [
          null,
          null,
          1,
          1,
          1,
          null,
          1,
          1,
          1,
          null,
          null,
          null,
          null,
          null,
          3,
          null,
          1,
          1,
          null,
          null,
          null,
          null,
          null
        ]
      },
      "/resource_quotable/lib/concerns/controllers/allowed_to_manage_quota_check.rb": {
        "lines": [
          null,
          null,
          1,
          null,
          null,
          1,
          1,
          null,
          1,
          1,
          null,
          1,
          0,
          null,
          null,
          null,
          null,
          null,
          null,
          1,
          0,
          null,
          null,
          null,
          null,
          null,
          null,
          null,
          1,
          0,
          null,
          null,
          1,
          0,
          null,
          null,
          1,
          0,
          0,
          null,
          null,
          null,
          null,
          null,
          null,
          1,
          0,
          0,
          null,
          null,
          null,
          null,
          null,
          null,
          null,
          1,
          40,
          null,
          null,
          1,
          25,
          null,
          null,
          1,
          0,
          null,
          null,
          1,
          1,
          1,
          null,
          null,
          null
        ]
      },
      "/resource_quotable/app/controllers/resource_quotable/application_controller.rb": {
        "lines": [
          null,
          null,
          1,
          1,
          1,
          null,
          1,
          6,
          null,
          null,
          1,
          48,
          null,
          null,
          null
        ]
      },
      "/resource_quotable/app/controllers/resource_quotable/quota_controller.rb": {
        "lines": [
          null,
          null,
          1,
          1,
          1,
          null,
          1,
          1,
          null,
          1,
          4,
          4,
          4,
          null,
          4,
          4,
          null,
          null,
          1,
          4,
          4,
          4,
          null,
          null,
          1,
          5,
          5,
          5,
          null,
          null,
          1,
          6,
          6,
          null,
          null,
          null,
          null,
          null,
          null,
          6,
          6,
          6,
          4,
          4,
          null,
          6,
          null,
          null,
          null,
          1,
          4,
          4,
          null,
          null,
          1,
          6,
          6,
          null,
          null,
          null,
          6,
          6,
          6,
          4,
          4,
          null,
          6,
          null,
          null,
          null,
          1,
          7,
          7,
          7,
          7,
          7,
          7,
          5,
          5,
          null,
          7,
          null,
          null,
          null,
          1,
          null,
          1,
          36,
          null,
          null,
          null,
          null,
          null,
          null,
          null,
          null,
          null,
          1,
          6,
          null,
          null,
          1,
          21,
          null,
          null,
          null
        ]
      },
      "/resource_quotable/app/controllers/resource_quotable/quotum_trackers_controller.rb": {
        "lines": [
          null,
          null,
          1,
          1,
          1,
          null,
          1,
          null,
          1,
          4,
          null,
          4,
          null,
          4,
          null,
          null,
          1,
          null,
          1,
          4,
          null,
          null,
          null
        ]
      },
      "/resource_quotable/app/models/resource_quotable/quotum.rb": {
        "lines": [
          null,
          null,
          null,
          null,
          null,
          null,
          null,
          null,
          null,
          null,
          null,
          null,
          null,
          null,
          null,
          null,
          null,
          null,
          null,
          null,
          null,
          null,
          1,
          1,
          1,
          1,
          null,
          4,
          null,
          1,
          null,
          1,
          null,
          1,
          null,
          null,
          null,
          null,
          null,
          null,
          null,
          1,
          0,
          null,
          null,
          null
        ]
      },
      "/resource_quotable/app/models/resource_quotable/application_record.rb": {
        "lines": [
          null,
          null,
          1,
          1,
          1,
          null,
          null
        ]
      },
      "/resource_quotable/app/models/resource_quotable/quotum_tracker.rb": {
        "lines": [
          null,
          null,
          null,
          null,
          null,
          null,
          null,
          null,
          null,
          null,
          null,
          null,
          null,
          null,
          null,
          null,
          null,
          null,
          null,
          null,
          1,
          null,
          1,
          1,
          1,
          null,
          1,
          null,
          33,
          3,
          21,
          21,
          21,
          21,
          null,
          1,
          null,
          1,
          5,
          null,
          4,
          4,
          null,
          null,
          1,
          5,
          5,
          null,
          4,
          null,
          null,
          1,
          68,
          null,
          66,
          66,
          66,
          null,
          null,
          null
        ]
      },
      "/resource_quotable/app/services/resource_quotable/action_services/base.rb": {
        "lines": [
          null,
          null,
          1,
          1,
          null,
          null,
          null,
          1,
          1,
          null,
          1,
          1,
          null,
          1,
          null,
          1,
          7,
          7,
          7,
          null,
          null,
          null,
          null
        ]
      },
      "/resource_quotable/app/services/resource_quotable/base.rb": {
        "lines": [
          null,
          null,
          1,
          1,
          1,
          null,
          1,
          128,
          175,
          null,
          null,
          null,
          1,
          78,
          78,
          null,
          78,
          null,
          null,
          1,
          1,
          null,
          null,
          null
        ]
      },
      "/resource_quotable/app/services/resource_quotable/action_services/check_multiple.rb": {
        "lines": [
          null,
          null,
          1,
          1,
          null,
          null,
          null,
          1,
          1,
          null,
          1,
          null,
          1,
          3,
          5,
          null,
          5,
          null,
          2,
          null,
          null,
          null,
          null
        ]
      },
      "/resource_quotable/app/services/resource_quotable/action_services/check.rb": {
        "lines": [
          null,
          null,
          1,
          1,
          null,
          null,
          null,
          1,
          1,
          2,
          3,
          null,
          3,
          null,
          1,
          null,
          null,
          null,
          null
        ]
      },
      "/resource_quotable/app/services/resource_quotable/action_services/increment_multiple.rb": {
        "lines": [
          null,
          null,
          1,
          1,
          null,
          1,
          1,
          null,
          1,
          null,
          1,
          2,
          2,
          4,
          null,
          4,
          null,
          null,
          null,
          null,
          null,
          null
        ]
      },
      "/resource_quotable/app/services/resource_quotable/action_services/increment.rb": {
        "lines": [
          null,
          null,
          1,
          1,
          null,
          1,
          1,
          2,
          2,
          4,
          null,
          4,
          null,
          null,
          null,
          null,
          null,
          null
        ]
      },
      "/resource_quotable/app/services/resource_quotable/create.rb": {
        "lines": [
          null,
          null,
          1,
          null,
          1,
          1,
          null,
          1,
          1,
          1,
          1,
          null,
          1,
          null,
          null,
          16,
          16,
          null,
          16,
          16,
          60,
          null,
          null,
          15,
          null,
          1,
          null,
          null,
          null
        ]
      },
      "/resource_quotable/app/services/resource_quotable/destroy.rb": {
        "lines": [
          null,
          null,
          1,
          null,
          1,
          1,
          null,
          1,
          null,
          1,
          2,
          null,
          null,
          null
        ]
      },
      "/resource_quotable/app/services/resource_quotable/reset/all.rb": {
        "lines": [
          null,
          null,
          1,
          1,
          null,
          1,
          1,
          null,
          1,
          null,
          1,
          1,
          null,
          null,
          null,
          null
        ]
      },
      "/resource_quotable/app/services/resource_quotable/reset/base.rb": {
        "lines": [
          null,
          null,
          1,
          1,
          null,
          1,
          1,
          null,
          1,
          17,
          32,
          null,
          null,
          null,
          1,
          null,
          1,
          1,
          null,
          null,
          null,
          null
        ]
      },
      "/resource_quotable/app/services/resource_quotable/reset/any.rb": {
        "lines": [
          null,
          null,
          1,
          1,
          null,
          1,
          1,
          null,
          1,
          null,
          1,
          1,
          null,
          null,
          null,
          null
        ]
      },
      "/resource_quotable/app/services/resource_quotable/reset/daily.rb": {
        "lines": [
          null,
          null,
          1,
          1,
          null,
          1,
          1,
          null,
          1,
          null,
          1,
          1,
          null,
          null,
          null,
          null
        ]
      },
      "/resource_quotable/app/services/resource_quotable/reset/monthly.rb": {
        "lines": [
          null,
          null,
          1,
          1,
          null,
          1,
          1,
          null,
          1,
          null,
          1,
          1,
          null,
          null,
          null,
          null
        ]
      },
      "/resource_quotable/app/services/resource_quotable/reset/weekly.rb": {
        "lines": [
          null,
          null,
          1,
          1,
          null,
          1,
          1,
          null,
          1,
          null,
          1,
          1,
          null,
          null,
          null,
          null
        ]
      },
      "/resource_quotable/app/services/resource_quotable/reset/yearly.rb": {
        "lines": [
          null,
          null,
          1,
          1,
          null,
          1,
          1,
          null,
          1,
          null,
          1,
          1,
          null,
          null,
          null,
          null
        ]
      },
      "/resource_quotable/app/services/resource_quotable/update.rb": {
        "lines": [
          null,
          null,
          1,
          null,
          1,
          1,
          null,
          1,
          1,
          null,
          1,
          20,
          null,
          null,
          null,
          20,
          20,
          null,
          null,
          20,
          null,
          null,
          null
        ]
      },
      "/resource_quotable/app/services/resource_quotable/quotum_tracker_services/reset.rb": {
        "lines": [
          null,
          null,
          1,
          1,
          null,
          1,
          1,
          null,
          1,
          null,
          1,
          0,
          0,
          null,
          null,
          null,
          null
        ]
      }
    },
    "timestamp": 1687673136
  }
}
