{
  "RSpec": {
    "coverage": {
      "/resource_quotable/lib/resource_quotable.rb": {
        "lines": [
          null,
          null,
          1,
          1,
          1,
          1,
          null,
          1,
          1,
          1,
          1,
          null,
          1,
          null,
          null,
          null,
          null,
          null,
          1,
          33,
          null,
          null,
          1,
          1,
          null,
          null,
          1,
          3,
          null,
          null,
          null,
          null,
          1
        ]
      },
      "/resource_quotable/lib/resource_quotable/engine.rb": {
        "lines": [
          null,
          null,
          1,
          1,
          1,
          null,
          1,
          1,
          1,
          1,
          null,
          null,
          null
        ]
      },
      "/resource_quotable/lib/concerns/models/act_as_quotable.rb": {
        "lines": [
          null,
          null,
          1,
          1,
          1,
          null,
          1,
          1,
          1,
          null,
          null,
          null,
          1,
          1,
          null,
          5,
          null,
          null,
          null,
          null
        ]
      },
      "/resource_quotable/lib/resource_quotable/exeptions.rb": {
        "lines": [
          null,
          null,
          1,
          1,
          1,
          1,
          null
        ]
      },
      "/resource_quotable/app/models/resource_quotable/quotum_limit.rb": {
        "lines": [
          null,
          null,
          null,
          null,
          null,
          null,
          null,
          null,
          null,
          null,
          null,
          null,
          null,
          null,
          null,
          null,
          null,
          null,
          1,
          null,
          1,
          1,
          null,
          1,
          null,
          13,
          null,
          1,
          null,
          null,
          null,
          null,
          null,
          null,
          null,
          1,
          null,
          1,
          5,
          null,
          4,
          4,
          null,
          null,
          1,
          6,
          null,
          3,
          3,
          3,
          null,
          null,
          3,
          null,
          null,
          null
        ]
      },
      "/resource_quotable/app/models/resource_quotable/application_record.rb": {
        "lines": [
          null,
          null,
          1,
          1,
          1,
          null,
          null
        ]
      },
      "/resource_quotable/app/models/resource_quotable/quotum.rb": {
        "lines": [
          null,
          null,
          null,
          null,
          null,
          null,
          null,
          null,
          null,
          null,
          null,
          null,
          null,
          null,
          null,
          null,
          null,
          null,
          null,
          1,
          null,
          1,
          1,
          1,
          null,
          1,
          null,
          1,
          null,
          1,
          37,
          null,
          null,
          1,
          5,
          null,
          4,
          4,
          4,
          null,
          null,
          null,
          1,
          17,
          51,
          17,
          null,
          null,
          null
        ]
      },
      "/resource_quotable/app/services/resource_quotable/base.rb": {
        "lines": [
          null,
          null,
          1,
          1,
          1,
          null,
          1,
          102,
          206,
          null,
          null,
          null,
          1,
          78,
          78,
          null,
          78,
          null,
          null,
          1,
          1,
          null,
          null,
          1,
          null,
          1,
          54,
          null,
          null,
          1,
          32,
          null,
          null,
          null
        ]
      },
      "/resource_quotable/app/services/resource_quotable/create.rb": {
        "lines": [
          null,
          null,
          1,
          1,
          1,
          null,
          1,
          1,
          1,
          1,
          null,
          1,
          32,
          32,
          null,
          32,
          null,
          31,
          null,
          null,
          null
        ]
      },
      "/resource_quotable/app/services/resource_quotable/destroy.rb": {
        "lines": [
          null,
          null,
          1,
          1,
          1,
          null,
          1,
          null,
          1,
          6,
          6,
          null,
          6,
          null,
          6,
          null,
          null,
          null,
          6,
          null,
          null,
          null
        ]
      },
      "/resource_quotable/app/services/resource_quotable/reset/all.rb": {
        "lines": [
          null,
          null,
          1,
          1,
          1,
          1,
          null,
          1,
          null,
          1,
          1,
          null,
          null,
          null,
          null
        ]
      },
      "/resource_quotable/app/services/resource_quotable/reset/base.rb": {
        "lines": [
          null,
          null,
          1,
          1,
          1,
          1,
          null,
          1,
          13,
          null,
          13,
          48,
          null,
          48,
          null,
          48,
          null,
          null,
          12,
          null,
          null,
          1,
          null,
          1,
          1,
          null,
          null,
          null,
          null
        ]
      },
      "/resource_quotable/app/services/resource_quotable/reset/any.rb": {
        "lines": [
          null,
          null,
          1,
          1,
          1,
          1,
          null,
          1,
          null,
          1,
          1,
          null,
          null,
          null,
          null
        ]
      },
      "/resource_quotable/app/services/resource_quotable/reset/daily.rb": {
        "lines": [
          null,
          null,
          1,
          1,
          1,
          1,
          null,
          1,
          null,
          1,
          1,
          null,
          null,
          null,
          null
        ]
      },
      "/resource_quotable/app/services/resource_quotable/reset/monthly.rb": {
        "lines": [
          null,
          null,
          1,
          1,
          1,
          1,
          null,
          1,
          null,
          1,
          1,
          null,
          null,
          null,
          null
        ]
      },
      "/resource_quotable/app/services/resource_quotable/reset/weekly.rb": {
        "lines": [
          null,
          null,
          1,
          1,
          1,
          1,
          null,
          1,
          null,
          1,
          1,
          null,
          null,
          null,
          null
        ]
      },
      "/resource_quotable/app/services/resource_quotable/reset/yearly.rb": {
        "lines": [
          null,
          null,
          1,
          1,
          1,
          1,
          null,
          1,
          null,
          1,
          1,
          null,
          null,
          null,
          null
        ]
      },
      "/resource_quotable/app/services/resource_quotable/update.rb": {
        "lines": [
          null,
          null,
          1,
          1,
          1,
          null,
          1,
          1,
          null,
          1,
          20,
          20,
          null,
          20,
          null,
          20,
          null,
          20,
          null,
          null,
          null
        ]
      },
      "/resource_quotable/app/jobs/resource_quotable/application_job.rb": {
        "lines": [
          null,
          null,
          0,
          0,
          0,
          0
        ],
        "branches": {
        }
      },
      "/resource_quotable/app/helpers/resource_quotable/application_helper.rb": {
        "lines": [
          null,
          null,
          0,
          0,
          0,
          0
        ],
        "branches": {
        }
      },
      "/resource_quotable/app/controllers/resource_quotable/application_controller.rb": {
        "lines": [
          null,
          null,
          0,
          0,
          0,
          0,
          0
        ],
        "branches": {
        }
      },
      "/resource_quotable/app/controllers/resource_quotable/quotum_limits_controller.rb": {
        "lines": [
          null,
          null,
          0,
          0,
          0,
          0,
          null,
          0,
          0,
          0,
          null,
          0,
          0,
          null,
          0,
          null,
          0,
          0,
          0,
          0,
          null,
          0,
          0,
          0,
          0,
          0,
          0,
          0,
          0,
          0,
          null,
          0,
          null,
          0,
          0,
          0,
          0,
          0,
          0,
          null,
          0,
          0,
          0,
          0,
          null,
          0,
          null,
          0,
          0,
          0,
          0,
          0,
          0,
          0,
          0,
          null,
          0,
          0,
          0,
          null,
          0,
          0,
          0,
          0,
          0
        ],
        "branches": {
        }
      },
      "/resource_quotable/lib/concerns/controllers/application_controller.rb": {
        "lines": [
          null,
          null,
          0,
          0,
          0,
          null,
          0,
          0,
          0,
          0,
          0,
          0,
          0
        ],
        "branches": {
        }
      }
    },
    "timestamp": 1661251297
  }
}
